==8023== Memcheck, a memory error detector
==8023== Copyright (C) 2002-2013, and GNU GPL'd, by Julian Seward et al.
==8023== Using Valgrind-3.10.1 and LibVEX; rerun with -h for copyright info
==8023== Command: ./bufferTest
==8023== Parent PID: 2442
==8023== 
==8023== Conditional jump or move depends on uninitialised value(s)
==8023==    at 0x40287A: testDataBuffer() (DataBuffer.cpp:241)
==8023==    by 0x4016DD: main (BufferTest.cpp:15)
==8023==  Uninitialised value was created by a heap allocation
==8023==    at 0x4C2AB80: malloc (in /usr/lib/valgrind/vgpreload_memcheck-amd64-linux.so)
==8023==    by 0x4C2CF1F: realloc (in /usr/lib/valgrind/vgpreload_memcheck-amd64-linux.so)
==8023==    by 0x4024C3: RawDataBuffer::allocate(unsigned long, bool) (DataBuffer.cpp:31)
==8023==    by 0x402857: testDataBuffer() (DataBuffer.cpp:239)
==8023==    by 0x4016DD: main (BufferTest.cpp:15)
==8023== 
==8023== Conditional jump or move depends on uninitialised value(s)
==8023==    at 0x4EBFCDE: std::ostreambuf_iterator<char, std::char_traits<char> > std::num_put<char, std::ostreambuf_iterator<char, std::char_traits<char> > >::_M_insert_int<long>(std::ostreambuf_iterator<char, std::char_traits<char> >, std::ios_base&, char, long) const (in /usr/lib/x86_64-linux-gnu/libstdc++.so.6.0.19)
==8023==    by 0x4EC02BC: std::num_put<char, std::ostreambuf_iterator<char, std::char_traits<char> > >::do_put(std::ostreambuf_iterator<char, std::char_traits<char> >, std::ios_base&, char, long) const (in /usr/lib/x86_64-linux-gnu/libstdc++.so.6.0.19)
==8023==    by 0x4ECC06D: std::ostream& std::ostream::_M_insert<long>(long) (in /usr/lib/x86_64-linux-gnu/libstdc++.so.6.0.19)
==8023==    by 0x4028AB: testDataBuffer() (DataBuffer.cpp:242)
==8023==    by 0x4016DD: main (BufferTest.cpp:15)
==8023==  Uninitialised value was created by a heap allocation
==8023==    at 0x4C2AB80: malloc (in /usr/lib/valgrind/vgpreload_memcheck-amd64-linux.so)
==8023==    by 0x4C2CF1F: realloc (in /usr/lib/valgrind/vgpreload_memcheck-amd64-linux.so)
==8023==    by 0x4024C3: RawDataBuffer::allocate(unsigned long, bool) (DataBuffer.cpp:31)
==8023==    by 0x402857: testDataBuffer() (DataBuffer.cpp:239)
==8023==    by 0x4016DD: main (BufferTest.cpp:15)
==8023== 
==8023== Use of uninitialised value of size 8
==8023==    at 0x4EBFBC3: ??? (in /usr/lib/x86_64-linux-gnu/libstdc++.so.6.0.19)
==8023==    by 0x4EBFD05: std::ostreambuf_iterator<char, std::char_traits<char> > std::num_put<char, std::ostreambuf_iterator<char, std::char_traits<char> > >::_M_insert_int<long>(std::ostreambuf_iterator<char, std::char_traits<char> >, std::ios_base&, char, long) const (in /usr/lib/x86_64-linux-gnu/libstdc++.so.6.0.19)
==8023==    by 0x4EC02BC: std::num_put<char, std::ostreambuf_iterator<char, std::char_traits<char> > >::do_put(std::ostreambuf_iterator<char, std::char_traits<char> >, std::ios_base&, char, long) const (in /usr/lib/x86_64-linux-gnu/libstdc++.so.6.0.19)
==8023==    by 0x4ECC06D: std::ostream& std::ostream::_M_insert<long>(long) (in /usr/lib/x86_64-linux-gnu/libstdc++.so.6.0.19)
==8023==    by 0x4028AB: testDataBuffer() (DataBuffer.cpp:242)
==8023==    by 0x4016DD: main (BufferTest.cpp:15)
==8023==  Uninitialised value was created by a heap allocation
==8023==    at 0x4C2AB80: malloc (in /usr/lib/valgrind/vgpreload_memcheck-amd64-linux.so)
==8023==    by 0x4C2CF1F: realloc (in /usr/lib/valgrind/vgpreload_memcheck-amd64-linux.so)
==8023==    by 0x4024C3: RawDataBuffer::allocate(unsigned long, bool) (DataBuffer.cpp:31)
==8023==    by 0x402857: testDataBuffer() (DataBuffer.cpp:239)
==8023==    by 0x4016DD: main (BufferTest.cpp:15)
==8023== 
==8023== Conditional jump or move depends on uninitialised value(s)
==8023==    at 0x4EBFBCF: ??? (in /usr/lib/x86_64-linux-gnu/libstdc++.so.6.0.19)
==8023==    by 0x4EBFD05: std::ostreambuf_iterator<char, std::char_traits<char> > std::num_put<char, std::ostreambuf_iterator<char, std::char_traits<char> > >::_M_insert_int<long>(std::ostreambuf_iterator<char, std::char_traits<char> >, std::ios_base&, char, long) const (in /usr/lib/x86_64-linux-gnu/libstdc++.so.6.0.19)
==8023==    by 0x4EC02BC: std::num_put<char, std::ostreambuf_iterator<char, std::char_traits<char> > >::do_put(std::ostreambuf_iterator<char, std::char_traits<char> >, std::ios_base&, char, long) const (in /usr/lib/x86_64-linux-gnu/libstdc++.so.6.0.19)
==8023==    by 0x4ECC06D: std::ostream& std::ostream::_M_insert<long>(long) (in /usr/lib/x86_64-linux-gnu/libstdc++.so.6.0.19)
==8023==    by 0x4028AB: testDataBuffer() (DataBuffer.cpp:242)
==8023==    by 0x4016DD: main (BufferTest.cpp:15)
==8023==  Uninitialised value was created by a heap allocation
==8023==    at 0x4C2AB80: malloc (in /usr/lib/valgrind/vgpreload_memcheck-amd64-linux.so)
==8023==    by 0x4C2CF1F: realloc (in /usr/lib/valgrind/vgpreload_memcheck-amd64-linux.so)
==8023==    by 0x4024C3: RawDataBuffer::allocate(unsigned long, bool) (DataBuffer.cpp:31)
==8023==    by 0x402857: testDataBuffer() (DataBuffer.cpp:239)
==8023==    by 0x4016DD: main (BufferTest.cpp:15)
==8023== 
==8023== Conditional jump or move depends on uninitialised value(s)
==8023==    at 0x4EBFD33: std::ostreambuf_iterator<char, std::char_traits<char> > std::num_put<char, std::ostreambuf_iterator<char, std::char_traits<char> > >::_M_insert_int<long>(std::ostreambuf_iterator<char, std::char_traits<char> >, std::ios_base&, char, long) const (in /usr/lib/x86_64-linux-gnu/libstdc++.so.6.0.19)
==8023==    by 0x4EC02BC: std::num_put<char, std::ostreambuf_iterator<char, std::char_traits<char> > >::do_put(std::ostreambuf_iterator<char, std::char_traits<char> >, std::ios_base&, char, long) const (in /usr/lib/x86_64-linux-gnu/libstdc++.so.6.0.19)
==8023==    by 0x4ECC06D: std::ostream& std::ostream::_M_insert<long>(long) (in /usr/lib/x86_64-linux-gnu/libstdc++.so.6.0.19)
==8023==    by 0x4028AB: testDataBuffer() (DataBuffer.cpp:242)
==8023==    by 0x4016DD: main (BufferTest.cpp:15)
==8023==  Uninitialised value was created by a heap allocation
==8023==    at 0x4C2AB80: malloc (in /usr/lib/valgrind/vgpreload_memcheck-amd64-linux.so)
==8023==    by 0x4C2CF1F: realloc (in /usr/lib/valgrind/vgpreload_memcheck-amd64-linux.so)
==8023==    by 0x4024C3: RawDataBuffer::allocate(unsigned long, bool) (DataBuffer.cpp:31)
==8023==    by 0x402857: testDataBuffer() (DataBuffer.cpp:239)
==8023==    by 0x4016DD: main (BufferTest.cpp:15)
==8023== 
==8023== 
==8023== HEAP SUMMARY:
==8023==     in use at exit: 0 bytes in 0 blocks
==8023==   total heap usage: 1 allocs, 1 frees, 100 bytes allocated
==8023== 
==8023== All heap blocks were freed -- no leaks are possible
==8023== 
==8023== For counts of detected and suppressed errors, rerun with: -v
==8023== ERROR SUMMARY: 5 errors from 5 contexts (suppressed: 0 from 0)
